Using pre-set license
Built from '2021.2/staging' branch; Version is '2021.2.7f1 (6bd9e232123f) revision 7068130'; Using compiler version '192829333'; Build Type 'Release'
OS: 'Windows 10  (10.0.19042) 64bit Professional' Language: 'ko' Physical Memory: 7993 MB
BatchMode: 1, IsHumanControllingUs: 0, StartBugReporterOnCrash: 0, Is64bit: 1, IsPro: 0

COMMAND LINE ARGUMENTS:
C:\GameDev\Unity\2021.2.7f1\Editor\Unity.exe
-adb2
-batchMode
-noUpm
-name
AssetImportWorker7
-projectPath
C:/Dev/GitHub/Project-Infected
-logFile
Logs/AssetImportWorker7.log
-srvPort
11405
Successfully changed project path to: C:/Dev/GitHub/Project-Infected
C:/Dev/GitHub/Project-Infected
[UnityMemory] Configuration Parameters - Can be set up in boot.config
    "memorysetup-bucket-allocator-granularity=16"
    "memorysetup-bucket-allocator-bucket-count=8"
    "memorysetup-bucket-allocator-block-size=33554432"
    "memorysetup-bucket-allocator-block-count=8"
    "memorysetup-main-allocator-block-size=16777216"
    "memorysetup-thread-allocator-block-size=16777216"
    "memorysetup-gfx-main-allocator-block-size=16777216"
    "memorysetup-gfx-thread-allocator-block-size=16777216"
    "memorysetup-cache-allocator-block-size=4194304"
    "memorysetup-typetree-allocator-block-size=2097152"
    "memorysetup-profiler-bucket-allocator-granularity=16"
    "memorysetup-profiler-bucket-allocator-bucket-count=8"
    "memorysetup-profiler-bucket-allocator-block-size=33554432"
    "memorysetup-profiler-bucket-allocator-block-count=8"
    "memorysetup-profiler-allocator-block-size=16777216"
    "memorysetup-profiler-editor-allocator-block-size=1048576"
    "memorysetup-temp-allocator-size-main=16777216"
    "memorysetup-job-temp-allocator-block-size=2097152"
    "memorysetup-job-temp-allocator-block-size-background=1048576"
    "memorysetup-job-temp-allocator-reduction-small-platforms=262144"
    "memorysetup-temp-allocator-size-background-worker=32768"
    "memorysetup-temp-allocator-size-job-worker=262144"
    "memorysetup-temp-allocator-size-preload-manager=33554432"
    "memorysetup-temp-allocator-size-nav-mesh-worker=65536"
    "memorysetup-temp-allocator-size-audio-worker=65536"
    "memorysetup-temp-allocator-size-cloud-worker=32768"
    "memorysetup-temp-allocator-size-gi-baking-worker=262144"
    "memorysetup-temp-allocator-size-gfx=262144"
Refreshing native plugins compatible for Editor in 216.14 ms, found 4 plugins.
Preloading 0 native plugins for Editor in 0.00 ms.
Initialize engine version: 2021.2.7f1 (6bd9e232123f)
[Subsystems] Discovering subsystems at path C:/GameDev/Unity/2021.2.7f1/Editor/Data/Resources/UnitySubsystems
[Subsystems] Discovering subsystems at path C:/Dev/GitHub/Project-Infected/Assets
GfxDevice: creating device client; threaded=0; jobified=0
Direct3D:
    Version:  Direct3D 11.0 [level 11.1]
    Renderer: NVIDIA GeForce GTX 1650 (ID=0x1f99)
    Vendor:   NVIDIA
    VRAM:     3962 MB
    Driver:   27.21.14.6280
Initialize mono
Mono path[0] = 'C:/GameDev/Unity/2021.2.7f1/Editor/Data/Managed'
Mono path[1] = 'C:/GameDev/Unity/2021.2.7f1/Editor/Data/MonoBleedingEdge/lib/mono/unityjit-win32'
Mono config path = 'C:/GameDev/Unity/2021.2.7f1/Editor/Data/MonoBleedingEdge/etc'
Using monoOptions --debugger-agent=transport=dt_socket,embedding=1,server=y,suspend=n,address=127.0.0.1:56468
Begin MonoManager ReloadAssembly
Registering precompiled unity dll's ...
Register platform support module: C:/GameDev/Unity/2021.2.7f1/Editor/Data/PlaybackEngines/WindowsStandaloneSupport/UnityEditor.WindowsStandalone.Extensions.dll
Registered in 0.029187 seconds.
Native extension for WindowsStandalone target not found
Refreshing native plugins compatible for Editor in 216.62 ms, found 4 plugins.
Preloading 0 native plugins for Editor in 0.00 ms.
Mono: successfully reloaded assembly
- Completed reload, in  1.653 seconds
Domain Reload Profiling:
	ReloadAssembly (1653ms)
		BeginReloadAssembly (274ms)
			ExecutionOrderSort (0ms)
			DisableScriptedObjects (0ms)
			BackupInstance (0ms)
			ReleaseScriptingObjects (0ms)
			CreateAndSetChildDomain (1ms)
		EndReloadAssembly (1178ms)
			LoadAssemblies (266ms)
			RebuildTransferFunctionScriptingTraits (0ms)
			SetupTypeCache (252ms)
			ReleaseScriptCaches (0ms)
			RebuildScriptCaches (71ms)
			SetupLoadedEditorAssemblies (665ms)
				LogAssemblyErrors (0ms)
				InitializePlatformSupportModulesInManaged (40ms)
				SetLoadedEditorAssemblies (0ms)
				RefreshPlugins (217ms)
				BeforeProcessingInitializeOnLoad (2ms)
				ProcessInitializeOnLoadAttributes (296ms)
				ProcessInitializeOnLoadMethodAttributes (109ms)
				AfterProcessingInitializeOnLoad (0ms)
				EditorAssembliesLoaded (0ms)
			ExecutionOrderSort2 (0ms)
			AwakeInstancesAfterBackupRestoration (0ms)
Platform modules already initialized, skipping
Registering precompiled user dll's ...
Registered in 0.030662 seconds.
Begin MonoManager ReloadAssembly
Symbol file LoadedFromMemory doesn't match image C:\Dev\GitHub\Project-Infected\Library\PackageCache\com.unity.visualscripting@1.7.6\Editor\VisualScripting.Core\Dependencies\YamlDotNet\Unity.VisualScripting.YamlDotNet.dll
Symbol file LoadedFromMemory doesn't match image C:\Dev\GitHub\Project-Infected\Library\PackageCache\com.unity.visualscripting@1.7.6\Editor\VisualScripting.Core\Dependencies\DotNetZip\Unity.VisualScripting.IonicZip.dll
Native extension for WindowsStandalone target not found
Refreshing native plugins compatible for Editor in 186.54 ms, found 4 plugins.
Preloading 0 native plugins for Editor in 0.00 ms.
Mono: successfully reloaded assembly
- Completed reload, in  8.083 seconds
Domain Reload Profiling:
	ReloadAssembly (8085ms)
		BeginReloadAssembly (353ms)
			ExecutionOrderSort (0ms)
			DisableScriptedObjects (8ms)
			BackupInstance (0ms)
			ReleaseScriptingObjects (0ms)
			CreateAndSetChildDomain (35ms)
		EndReloadAssembly (7344ms)
			LoadAssemblies (386ms)
			RebuildTransferFunctionScriptingTraits (0ms)
			SetupTypeCache (635ms)
			ReleaseScriptCaches (2ms)
			RebuildScriptCaches (142ms)
			SetupLoadedEditorAssemblies (6158ms)
				LogAssemblyErrors (0ms)
				InitializePlatformSupportModulesInManaged (20ms)
				SetLoadedEditorAssemblies (0ms)
				RefreshPlugins (187ms)
				BeforeProcessingInitializeOnLoad (215ms)
				ProcessInitializeOnLoadAttributes (3399ms)
				ProcessInitializeOnLoadMethodAttributes (2293ms)
				AfterProcessingInitializeOnLoad (43ms)
				EditorAssembliesLoaded (1ms)
			ExecutionOrderSort2 (0ms)
			AwakeInstancesAfterBackupRestoration (29ms)
Platform modules already initialized, skipping
========================================================================
Worker process is ready to serve import requests
Launched and connected shader compiler UnityShaderCompiler.exe after 0.22 seconds
Refreshing native plugins compatible for Editor in 8.68 ms, found 4 plugins.
Preloading 0 native plugins for Editor in 0.00 ms.
Unloading 5328 Unused Serialized files (Serialized files now loaded: 0)
Unloading 39 unused Assets / (348.4 KB). Loaded Objects now: 5790.
Memory consumption went from 212.7 MB to 212.4 MB.
Total: 15.877200 ms (FindLiveObjects: 1.427100 ms CreateObjectMapping: 2.954700 ms MarkObjects: 10.949200 ms  DeleteObjects: 0.540800 ms)

AssetImportParameters requested are different than current active one (requested -> active):
  custom:video-decoder-ogg-theora: a1e56fd34408186e4bbccfd4996cb3dc -> 
  custom:container-muxer-webm: aa71ff27fc2769a1b78a27578f13a17b -> 
  custom:container-demuxer-webm: 4f35f7cbe854078d1ac9338744f61a02 -> 
  custom:video-encoder-webm-vp8: eb34c28f22e8b96e1ab97ce403110664 -> 
  custom:audio-encoder-webm-vorbis: bf7c407c2cedff20999df2af8eb42d56 -> 
  custom:framework-win-MediaFoundation: 216162199b28c13a410421893ffa2e32 -> 
  custom:container-demuxer-ogg: 62fdf1f143b41e24485cea50d1cbac27 -> 
  custom:video-decoder-webm-vp8: 9c59270c3fd7afecdb556c50c9e8de78 -> 
  custom:audio-decoder-ogg-vorbis: bf7c407c2cedff20999df2af8eb42d56 -> 
========================================================================
Received Import Request.
  Time since last request: 331031.528255 seconds.
  path: Assets/Images/Sprites/ProjectInfectedFloorTileset_0.asset
  artifactKey: Guid(58cfdbdc32d0de94baced80f52c34313) Importer(815301076,1909f56bfc062723c751e8b465ee728b)
Start importing Assets/Images/Sprites/ProjectInfectedFloorTileset_0.asset using Guid(58cfdbdc32d0de94baced80f52c34313) Importer(815301076,1909f56bfc062723c751e8b465ee728b)  -> (artifact id: 'ccd07a44669198f625f1a56d4335b47e') in 0.256229 seconds 
========================================================================
Received Import Request.
  Time since last request: 32.242185 seconds.
  path: Assets/Images/Tiles/FloorTiles.asset
  artifactKey: Guid(cbc829072889aeb4899d4f6bd190d039) Importer(815301076,1909f56bfc062723c751e8b465ee728b)
Start importing Assets/Images/Tiles/FloorTiles.asset using Guid(cbc829072889aeb4899d4f6bd190d039) Importer(815301076,1909f56bfc062723c751e8b465ee728b)  -> (artifact id: '2ffef4355b0b9be7457b759d6528f7d4') in 0.037574 seconds 
========================================================================
Received Import Request.
  Time since last request: 0.000031 seconds.
  path: Assets/Images/Tiles/New Rule Tile.asset
  artifactKey: Guid(af3663f829dc80a4f9d5dc3f8265dc76) Importer(815301076,1909f56bfc062723c751e8b465ee728b)
Start importing Assets/Images/Tiles/New Rule Tile.asset using Guid(af3663f829dc80a4f9d5dc3f8265dc76) Importer(815301076,1909f56bfc062723c751e8b465ee728b)  -> (artifact id: '2fb798cd2d61c3b65e39cda9b528cfae') in 0.049683 seconds 
========================================================================
Received Import Request.
  Time since last request: 0.000114 seconds.
  path: Assets/Images/Tiles/ProjectInfectedFloorTileset_0.asset
  artifactKey: Guid(7363567befabd3d4d9cd18306597f9d5) Importer(815301076,1909f56bfc062723c751e8b465ee728b)
Start importing Assets/Images/Tiles/ProjectInfectedFloorTileset_0.asset using Guid(7363567befabd3d4d9cd18306597f9d5) Importer(815301076,1909f56bfc062723c751e8b465ee728b)  -> (artifact id: '42ef4ea950dbb39bfe002e1bc8a63041') in 0.015096 seconds 
========================================================================
Received Import Request.
  Time since last request: 0.000056 seconds.
  path: Assets/Images/Tiles/NewGround.prefab
  artifactKey: Guid(ef7e5beecb2b07c439714cc07c456284) Importer(815301076,1909f56bfc062723c751e8b465ee728b)
Start importing Assets/Images/Tiles/NewGround.prefab using Guid(ef7e5beecb2b07c439714cc07c456284) Importer(815301076,1909f56bfc062723c751e8b465ee728b)  -> (artifact id: '181dff3c1c2046f09f6a584724a0a791') in 1.517316 seconds 
========================================================================
Received Import Request.
  Time since last request: 136.203047 seconds.
  path: Assets/Images/Tiles/Ground_1.asset
  artifactKey: Guid(c4db84846c179e447920b00de0942470) Importer(815301076,1909f56bfc062723c751e8b465ee728b)
Start importing Assets/Images/Tiles/Ground_1.asset using Guid(c4db84846c179e447920b00de0942470) Importer(815301076,1909f56bfc062723c751e8b465ee728b)  -> (artifact id: 'e8b7bc7188de155a02805cc673677f21') in 0.046811 seconds 
========================================================================
Received Import Request.
  Time since last request: 33.650883 seconds.
  path: Assets/Images/Tiles/ProjectInfectedWoodWallTileset_48.asset
  artifactKey: Guid(8008a69e96ca2a640b8e22c5d6f0cf4e) Importer(815301076,1909f56bfc062723c751e8b465ee728b)
Start importing Assets/Images/Tiles/ProjectInfectedWoodWallTileset_48.asset using Guid(8008a69e96ca2a640b8e22c5d6f0cf4e) Importer(815301076,1909f56bfc062723c751e8b465ee728b)  -> (artifact id: '919ce37b310f9490edcdc2aea9a7cbe9') in 0.036996 seconds 
========================================================================
Received Import Request.
  Time since last request: 0.000028 seconds.
  path: Assets/Images/Tiles/ProjectInfectedWoodWallTileset_61.asset
  artifactKey: Guid(0034013129a8ecf47a8d0726a15c1cd5) Importer(815301076,1909f56bfc062723c751e8b465ee728b)
Start importing Assets/Images/Tiles/ProjectInfectedWoodWallTileset_61.asset using Guid(0034013129a8ecf47a8d0726a15c1cd5) Importer(815301076,1909f56bfc062723c751e8b465ee728b)  -> (artifact id: '2d0aae0ab35e8e0538614505264e58a1') in 0.038046 seconds 
========================================================================
Received Import Request.
  Time since last request: 0.000109 seconds.
  path: Assets/Images/Tiles/ProjectInfectedWoodWallTileset_54.asset
  artifactKey: Guid(ffaa216bfcbade24686c67e64b760935) Importer(815301076,1909f56bfc062723c751e8b465ee728b)
Start importing Assets/Images/Tiles/ProjectInfectedWoodWallTileset_54.asset using Guid(ffaa216bfcbade24686c67e64b760935) Importer(815301076,1909f56bfc062723c751e8b465ee728b)  -> (artifact id: 'acc6e309c92e3f86b44560cf5ba1fcd0') in 0.042374 seconds 
========================================================================
Received Import Request.
  Time since last request: 0.000041 seconds.
  path: Assets/Images/Tiles/ProjectInfectedWoodWallTileset_56.asset
  artifactKey: Guid(9b7bd1059f0e54e4183dcf8da97d3650) Importer(815301076,1909f56bfc062723c751e8b465ee728b)
Start importing Assets/Images/Tiles/ProjectInfectedWoodWallTileset_56.asset using Guid(9b7bd1059f0e54e4183dcf8da97d3650) Importer(815301076,1909f56bfc062723c751e8b465ee728b)  -> (artifact id: 'e8286d4bec4c221a7f8cf5eebb730ca9') in 0.046146 seconds 
========================================================================
Received Import Request.
  Time since last request: 0.000107 seconds.
  path: Assets/Images/Tiles/ProjectInfectedWoodWallTileset_62.asset
  artifactKey: Guid(fab759d2fcf03ce49a2e6a4ea680390a) Importer(815301076,1909f56bfc062723c751e8b465ee728b)
Start importing Assets/Images/Tiles/ProjectInfectedWoodWallTileset_62.asset using Guid(fab759d2fcf03ce49a2e6a4ea680390a) Importer(815301076,1909f56bfc062723c751e8b465ee728b)  -> (artifact id: '4de9cb04a48f9ba61a8fc2cc2c35f675') in 0.030557 seconds 
========================================================================
Received Import Request.
  Time since last request: 0.000236 seconds.
  path: Assets/Images/Tiles/ProjectInfectedWoodWallTileset_64.asset
  artifactKey: Guid(32d81baab64b79f43b17ea8fd5d7b2d5) Importer(815301076,1909f56bfc062723c751e8b465ee728b)
Start importing Assets/Images/Tiles/ProjectInfectedWoodWallTileset_64.asset using Guid(32d81baab64b79f43b17ea8fd5d7b2d5) Importer(815301076,1909f56bfc062723c751e8b465ee728b)  -> (artifact id: 'ef3de7a10c59ebe2e984f0db0716758d') in 0.032986 seconds 
========================================================================
Received Import Request.
  Time since last request: 0.000067 seconds.
  path: Assets/Images/Tiles/ProjectInfectedWoodWallTileset_63.asset
  artifactKey: Guid(20ccafe104d5574438d6c8dc17a67e16) Importer(815301076,1909f56bfc062723c751e8b465ee728b)
Start importing Assets/Images/Tiles/ProjectInfectedWoodWallTileset_63.asset using Guid(20ccafe104d5574438d6c8dc17a67e16) Importer(815301076,1909f56bfc062723c751e8b465ee728b)  -> (artifact id: '2bb29886c6248e3ad443093de9ab9989') in 0.048896 seconds 
========================================================================
Received Import Request.
  Time since last request: 0.000057 seconds.
  path: Assets/Images/Tiles/ProjectInfectedWoodWallTileset_49.asset
  artifactKey: Guid(7670a7e12dd48674aa3bd21aba4da27a) Importer(815301076,1909f56bfc062723c751e8b465ee728b)
Start importing Assets/Images/Tiles/ProjectInfectedWoodWallTileset_49.asset using Guid(7670a7e12dd48674aa3bd21aba4da27a) Importer(815301076,1909f56bfc062723c751e8b465ee728b)  -> (artifact id: 'b7bab4ccd86c3470d0a05ffc85c9748f') in 0.038969 seconds 
========================================================================
Received Import Request.
  Time since last request: 0.000235 seconds.
  path: Assets/Images/Tiles/ProjectInfectedWoodWallTileset_50.asset
  artifactKey: Guid(de0e9f6331448c443afb438c72ed78e3) Importer(815301076,1909f56bfc062723c751e8b465ee728b)
Start importing Assets/Images/Tiles/ProjectInfectedWoodWallTileset_50.asset using Guid(de0e9f6331448c443afb438c72ed78e3) Importer(815301076,1909f56bfc062723c751e8b465ee728b)  -> (artifact id: 'eba59d884c80f42da5c9eac3a160d436') in 0.024887 seconds 
========================================================================
Received Import Request.
  Time since last request: 0.654912 seconds.
  path: Assets/Images/Tiles/ProjectInfectedWoodWallTileset_65.asset
  artifactKey: Guid(f7825c2014db377499a5835a05512e93) Importer(815301076,1909f56bfc062723c751e8b465ee728b)
Start importing Assets/Images/Tiles/ProjectInfectedWoodWallTileset_65.asset using Guid(f7825c2014db377499a5835a05512e93) Importer(815301076,1909f56bfc062723c751e8b465ee728b)  -> (artifact id: '09aded2c8c32e0bd008659d276669a25') in 0.034493 seconds 
========================================================================
Received Import Request.
  Time since last request: 0.000042 seconds.
  path: Assets/Images/Tiles/ProjectInfectedWoodWallTileset_68.asset
  artifactKey: Guid(c45fb047e0bb3c745b6d02d796b4e468) Importer(815301076,1909f56bfc062723c751e8b465ee728b)
Start importing Assets/Images/Tiles/ProjectInfectedWoodWallTileset_68.asset using Guid(c45fb047e0bb3c745b6d02d796b4e468) Importer(815301076,1909f56bfc062723c751e8b465ee728b)  -> (artifact id: '2021ff8fec37e98b22397d7b5431e392') in 0.043466 seconds 
========================================================================
Received Import Request.
  Time since last request: 0.000034 seconds.
  path: Assets/Images/Tiles/ProjectInfectedWoodWallTileset_70.asset
  artifactKey: Guid(bce61fe0f1d1b684d884d15b805ed721) Importer(815301076,1909f56bfc062723c751e8b465ee728b)
Start importing Assets/Images/Tiles/ProjectInfectedWoodWallTileset_70.asset using Guid(bce61fe0f1d1b684d884d15b805ed721) Importer(815301076,1909f56bfc062723c751e8b465ee728b)  -> (artifact id: '0ef3632c8a80813196d1a2f18d375136') in 0.031426 seconds 
========================================================================
Received Import Request.
  Time since last request: 0.000064 seconds.
  path: Assets/Images/Tiles/ProjectInfectedWoodWallTileset_71.asset
  artifactKey: Guid(298b5177696d59d4c9023bd2e4d3af94) Importer(815301076,1909f56bfc062723c751e8b465ee728b)
Start importing Assets/Images/Tiles/ProjectInfectedWoodWallTileset_71.asset using Guid(298b5177696d59d4c9023bd2e4d3af94) Importer(815301076,1909f56bfc062723c751e8b465ee728b)  -> (artifact id: '40b28e4424ecec42737c7bb2e4bdcad4') in 0.026449 seconds 
